-----------------------------------------------------------------
Tentative de connexion à cloud.antonylaget.com ...
Connexion établie à MongoDB cloud.antonylaget.com
Base de données : dbDocuments sur cloud.antonylaget.com
Connexion établie à Neo4J : cloud.antonylaget.com
-----------------------------------------------------------------
Collection séléctionnée : dbDocuments.indexInverse
Index indexInverse supprimé
Collection séléctionnée : dbDocuments.index
Index index supprimé
-----------------------------------------------------------------
-- 3.1. Création de l'index des titres d'article dans MongoDB ---
Collection séléctionnée : dbDocuments.index
Nombre de titres d'articles indéxés : 999
-----------------------------------------------------------------
-- 3.2. Création index sur le tableau de mots-clé dans MongoDB --
-----------------------------------------------------------------
-- 3.3. Création de l'index inversé des mots-clé dans MongoDB ---
Collection séléctionnée : dbDocuments.index
-- Récupération des documents dans MongoDB ----------------------
Collection séléctionnée : dbDocuments.indexInverse
Nombre de mots-clé indéxés : 2846
-----------------------------------------------------------------
-- 3.4. Recherche d'un mot dans l'index inversé -----------------
Collection séléctionnée : dbDocuments.indexInverse
Liste des articles contenant le mot " with" (72 résultat(s)) :
-- Résultat 01 : 120 Hz low cross-talk stereoscopic display wi...
-- Résultat 02 : A Balanced Search Tree with  (1) Worst-case U...
-- Résultat 03 : A Formal Identification between Tuples and Li...
-- Résultat 04 : A Recursively-Adjusting Co-allocation scheme ...
-- Résultat 05 : A comparison of pebble tree transducers with ...
-- Résultat 06 : A distributed energy-efficient clustering alg...
-- Résultat 07 : A framework for integrating syntax, semantics...
-- Résultat 08 : A fuzzy matchmaking approach for Semantic Web...
-- Résultat 09 : A new compensation pixel circuit with all-p-t...
-- Résultat 10 : A nonrepudiable threshold multi-proxy multi-s...
-- Résultat 11 : A review of Multi-Agent Systems techniques, w...
-- Résultat 12 : Accepting splicing systems with permitting an...
-- Résultat 13 : Analysis of dual-hop and multiple relays coop...
-- Résultat 14 : Applying different control approaches for res...
-- Résultat 15 : Applying different control approaches for res...
-- Résultat 16 : Association-Based Active Access Control model...
-- Résultat 17 : Automatic visual inspection: An approach with...
-- Résultat 18 : Caching Support for Skyline Query Processing ...
-- Résultat 19 : Connecting business models with service platf...
-- Résultat 20 : Coping with TiVo: Opportunities of the networ...
-- Résultat 21 : Coupled Matrix Factorization with Sparse Fact...
-- Résultat 22 : Crawling Hidden Objects with kNN Queries.
-- Résultat 23 : Declarative Programs with Implicit Implications.
-- Résultat 24 : Design of reflective projection lens with Zer...
-- Résultat 25 : Developing new products with knowledge manage...
-- Résultat 26 : E-Commerce Training with Virtual Commerce Sim...
-- Résultat 27 : Elastic grid resource provisioning with WoBin...
-- Résultat 28 : Electrochemically-switchable emission and abs...
-- Résultat 29 : Empirical comparison of image retrieval color...
-- Résultat 30 : Energy efficient scheduling of real-time task...
-- Résultat 31 : Enhanced properties of organic electrolumines...
-- Résultat 32 : Experience of parallel AI programming with pa...
-- Résultat 33 : Experiments with equivalent differentiated se...
-- Résultat 34 : Fabrication and chromatic characteristics of ...
-- Résultat 35 : Finding the  Most Vital Edges with Respect to...
-- Résultat 36 : General quantitative specification theories w...
-- Résultat 37 : High colour rendering index white organic lig...
-- Résultat 38 : High reliable real-time bandwidth scheduling ...
-- Résultat 39 : Improvement in performance of GaN-based light...
-- Résultat 40 : Improving the efficiency of virtual channels ...
-- Résultat 41 : Integrating cross-sectional imaging based rev...
-- Résultat 42 : Ising spin neural networks with spatial struc...
-- Résultat 43 : New and efficient conditional e-payment syste...
-- Résultat 44 : New scoring formula to rank hypervisors' perf...
-- Résultat 45 : On Grammar Forms with Terminal Context.
-- Résultat 46 : On the closure of pattern expressions languag...
-- Résultat 47 : Order statistics on a linear array with a rec...
-- Résultat 48 : Performance improvement of third-party logist...
-- Résultat 49 : Permuting Data with the Omega Network.
-- Résultat 50 : Petri nets with name creation for transient s...
-- Résultat 51 : Probe Minimization by Schedule Optimization: ...
-- Résultat 52 : Product Life-Cycle Metadata Modeling and Its ...
-- Résultat 53 : Program reversals for evolutions with non-uni...
-- Résultat 54 : Querying Datalog Programs with Temporal Logic.
-- Résultat 55 : Querying Sequence Databases with Transducers.
-- Résultat 56 : Rarefied gas flow computational with a 3D uns...
-- Résultat 57 : Rescheduling for reliable job completion with...
-- Résultat 58 : Right-Protected Data Publishing with Provable...
-- Résultat 59 : Satisfaction with interpersonal and internet ...
-- Résultat 60 : Scheduling tasks of a parallel program in two...
-- Résultat 61 : Smart cyber society: Integration of capillary...
-- Résultat 62 : Stable Duplicate-Key Extraction with Optimal ...
-- Résultat 63 : Temperature-dependent electrical and dielectr...
-- Résultat 64 : The impact of founders' academic experiences ...
-- Résultat 65 : Trading polarizations for labels in P systems...
-- Résultat 66 : Unsteady flow in a 2D elastic tube with the L...
-- Résultat 67 : User transparent data and task parallel multi...
-- Résultat 68 : Verification of heap manipulating programs wi...
-- Résultat 69 : Versatile energy recovery circuit for driving...
-- Résultat 70 : Viewer experience with stereoscopic 3D televi...
-- Résultat 71 : Visual acuity and contrast sensitivity screen...
-- Résultat 72 : White organic light-emitting devices with non...
-----------------------------------------------------------------
Collection séléctionnée : dbDocuments.indexInverse
-- 3.5. Auteurs ayant écrit le plus d’articles ------------------
Liste des 10 auteurs ayant écrit le plus d’articles :
-- Auteur 01 : 7 - Joost Engelfriet
-- Auteur 02 : 4 - Ching-Hsien Hsu
-- Auteur 03 : 4 - Péter Kacsuk
-- Auteur 04 : 3 - Albert Y. Zomaya
-- Auteur 05 : 3 - Amir Pnueli
-- Auteur 06 : 3 - Dunbing Tang
-- Auteur 07 : 3 - Frank J. Seinstra
-- Auteur 08 : 3 - Henri E. Bal
-- Auteur 09 : 3 - Joanna Kolodziej
-- Auteur 10 : 3 - Kenli Li
-----------------------------------------------------------------
Collection séléctionnée : dbDocuments.indexInverse
-- 3.6. Recherche de documents avancée --------------------------
Liste des articles contenant les mots recherchés :
5259 New and efficient conditional e-payment systems with tr... 3
3293 A new compensation pixel circuit with all-p-type TFTs f... 2
4917 A performance comparison of current HPC systems: Blue G... 2
4459 A review of Multi-Agent Systems techniques, with applic... 2
3114 Accepting splicing systems with permitting and forbiddi... 2
6154 Applying different control approaches for resources wit... 2
4140 Developing new products with knowledge management metho... 2
3626 New perspectives for the future interoperable enterpris... 2
4813 New scoring formula to rank hypervisors' performance co... 2
3089 Trading polarizations for labels in P systems with acti... 2
-----------------------------------------------------------------
Fermeture de la connexion à la base Mongo (cloud.antonylaget.com)
Fermeture de la connexion à la base Neo4J (cloud.antonylaget.com)
-----------------------------------------------------------------

Process finished with exit code 0
